[  6%] [34m[1mGenerating include/autoCam_pkg/moc_main_window.cxx[0m
[35m[1mScanning dependencies of target autoCam_pkg[0m
[ 12%] [32mBuilding CXX object CMakeFiles/autoCam_pkg.dir/src/main.cpp.o[0m
[ 18%] [32mBuilding CXX object CMakeFiles/autoCam_pkg.dir/src/main_window.cpp.o[0m
[ 25%] [32mBuilding CXX object CMakeFiles/autoCam_pkg.dir/include/autoCam_pkg/moc_main_window.cxx.o[0m
In file included from [01m[K/home/swhite/autoCam_ws/build/autoCam_pkg/include/autoCam_pkg/moc_main_window.cxx:9:0[m[K:
[01m[K/home/swhite/autoCam_ws/build/autoCam_pkg/include/autoCam_pkg/../../../../src/autoCam_pkg/include/autoCam_pkg/main_window.hpp:66:9:[m[K [01;31m[Kerror: [m[Kexpected '[01m[K:[m[K' before '[01m[Kslots[m[K'
 private slots:
[01;32m[K         ^[m[K
[01m[K/home/swhite/autoCam_ws/build/autoCam_pkg/include/autoCam_pkg/../../../../src/autoCam_pkg/include/autoCam_pkg/main_window.hpp:66:9:[m[K [01;31m[Kerror: [m[K'[01m[Kslots[m[K' does not name a type
CMakeFiles/autoCam_pkg.dir/build.make:215: recipe for target 'CMakeFiles/autoCam_pkg.dir/include/autoCam_pkg/moc_main_window.cxx.o' failed
make[2]: *** [CMakeFiles/autoCam_pkg.dir/include/autoCam_pkg/moc_main_window.cxx.o] Error 1
make[2]: *** Waiting for unfinished jobs....
In file included from [01m[K/home/swhite/autoCam_ws/src/autoCam_pkg/src/main_window.cpp:16:0[m[K:
[01m[K/home/swhite/autoCam_ws/src/autoCam_pkg/src/../include/autoCam_pkg/main_window.hpp:66:9:[m[K [01;31m[Kerror: [m[Kexpected '[01m[K:[m[K' before '[01m[Kslots[m[K'
 private slots:
[01;32m[K         ^[m[K
[01m[K/home/swhite/autoCam_ws/src/autoCam_pkg/src/../include/autoCam_pkg/main_window.hpp:66:9:[m[K [01;31m[Kerror: [m[K'[01m[Kslots[m[K' does not name a type
[01m[K/home/swhite/autoCam_ws/src/autoCam_pkg/src/main_window.cpp:188:49:[m[K [01;31m[Kerror: [m[Kno '[01m[Kvoid autoCam_pkg::MainWindow::on_Manual_SwitchButton_pressed()[m[K' member function declared in class '[01m[KautoCam_pkg::MainWindow[m[K'
 void MainWindow::on_Manual_SwitchButton_pressed()
[01;32m[K                                                 ^[m[K
In file included from [01m[K/home/swhite/autoCam_ws/src/autoCam_pkg/src/main.cpp:14:0[m[K:
[01m[K/home/swhite/autoCam_ws/src/autoCam_pkg/src/../include/autoCam_pkg/main_window.hpp:66:9:[m[K [01;31m[Kerror: [m[Kexpected '[01m[K:[m[K' before '[01m[Kslots[m[K'
 private slots:
[01;32m[K         ^[m[K
[01m[K/home/swhite/autoCam_ws/src/autoCam_pkg/src/../include/autoCam_pkg/main_window.hpp:66:9:[m[K [01;31m[Kerror: [m[K'[01m[Kslots[m[K' does not name a type
CMakeFiles/autoCam_pkg.dir/build.make:167: recipe for target 'CMakeFiles/autoCam_pkg.dir/src/main_window.cpp.o' failed
make[2]: *** [CMakeFiles/autoCam_pkg.dir/src/main_window.cpp.o] Error 1
CMakeFiles/autoCam_pkg.dir/build.make:95: recipe for target 'CMakeFiles/autoCam_pkg.dir/src/main.cpp.o' failed
make[2]: *** [CMakeFiles/autoCam_pkg.dir/src/main.cpp.o] Error 1
CMakeFiles/Makefile2:67: recipe for target 'CMakeFiles/autoCam_pkg.dir/all' failed
make[1]: *** [CMakeFiles/autoCam_pkg.dir/all] Error 2
Makefile:138: recipe for target 'all' failed
make: *** [all] Error 2
