In file included from [01m[K/home/swhite/autoCam_ws/src/autoCam_pkg/src/main_window.cpp:18:0[m[K:
[01m[K/home/swhite/autoCam_ws/src/autoCam_pkg/src/../include/autoCam_pkg/common.h:6:8:[m[K [01;31m[Kerror: [m[K'[01m[Kcv_bridge[m[K' does not name a type
 extern cv_bridge::CvImagePtr cv_ptr;
[01;32m[K        ^[m[K
[01m[K/home/swhite/autoCam_ws/src/autoCam_pkg/src/main_window.cpp:[m[K In constructor '[01m[KautoCam_pkg::MainWindow::MainWindow(int, char**, QWidget*)[m[K':
[01m[K/home/swhite/autoCam_ws/src/autoCam_pkg/src/main_window.cpp:50:5:[m[K [01;31m[Kerror: [m[K'[01m[KMat[m[K' was not declared in this scope
     Mat frame = cv_ptr->image;
[01;32m[K     ^[m[K
[01m[K/home/swhite/autoCam_ws/src/autoCam_pkg/src/main_window.cpp:53:13:[m[K [01;31m[Kerror: [m[K'[01m[Kframe[m[K' was not declared in this scope
         if(!frame.empty())
[01;32m[K             ^[m[K
[01m[K/home/swhite/autoCam_ws/src/autoCam_pkg/src/main_window.cpp:61:28:[m[K [01;31m[Kerror: [m[K'[01m[KBORDER_REFLECT[m[K' was not declared in this scope
                            BORDER_REFLECT);
[01;32m[K                            ^[m[K
[01m[K/home/swhite/autoCam_ws/src/autoCam_pkg/src/main_window.cpp:61:42:[m[K [01;31m[Kerror: [m[K'[01m[KcopyMakeBorder[m[K' was not declared in this scope
                            BORDER_REFLECT);
[01;32m[K                                          ^[m[K
[01m[K/home/swhite/autoCam_ws/src/autoCam_pkg/src/main_window.cpp:68:13:[m[K [01;31m[Kerror: [m[K'[01m[Kpixmap[m[K' was not declared in this scope
             pixmap.setPixmap( QPixmap::fromImage(qimg.rgbSwapped()) );
[01;32m[K             ^[m[K
[01m[K/home/swhite/autoCam_ws/src/autoCam_pkg/src/main_window.cpp:69:15:[m[K [01;31m[Kerror: [m[Kbase operand of '[01m[K->[m[K' has non-pointer type '[01m[KUi::MainWindow[m[K'
             ui->graphicsView->fitInView(&pixmap, Qt::KeepAspectRatio);
[01;32m[K               ^[m[K
make[2]: *** [CMakeFiles/autoCam_pkg.dir/src/main_window.cpp.o] Error 1
make[2]: *** Waiting for unfinished jobs....
make[1]: *** [CMakeFiles/autoCam_pkg.dir/all] Error 2
make: *** [all] Error 2
