[  6%] [34m[1mGenerating include/autoCam_pkg/moc_main_window.cxx[0m
[ 12%] [34m[1mGenerating include/autoCam_pkg/moc_qnode.cxx[0m
[35m[1mScanning dependencies of target autoCam_pkg[0m
[ 18%] [32mBuilding CXX object CMakeFiles/autoCam_pkg.dir/src/main.cpp.o[0m
[ 37%] [32mBuilding CXX object CMakeFiles/autoCam_pkg.dir/src/main_window.cpp.o[0m
[ 37%] [32mBuilding CXX object CMakeFiles/autoCam_pkg.dir/include/autoCam_pkg/moc_qnode.cxx.o[0m
[ 43%] [32mBuilding CXX object CMakeFiles/autoCam_pkg.dir/src/qnode.cpp.o[0m
[ 37%] [32mBuilding CXX object CMakeFiles/autoCam_pkg.dir/qrc_images.cxx.o[0m
[ 50%] [32mBuilding CXX object CMakeFiles/autoCam_pkg.dir/src/saveeditview.cpp.o[0m
[ 56%] [32mBuilding CXX object CMakeFiles/autoCam_pkg.dir/include/autoCam_pkg/moc_main_window.cxx.o[0m
[ 62%] [32mBuilding CXX object CMakeFiles/autoCam_pkg.dir/include/autoCam_pkg/moc_saveeditview.cxx.o[0m
In file included from [01m[K/home/swhite/autoCam_ws/build/autoCam_pkg/include/autoCam_pkg/../../../../src/autoCam_pkg/include/autoCam_pkg/main_window.hpp:18:0[m[K,
                 from [01m[K/home/swhite/autoCam_ws/build/autoCam_pkg/include/autoCam_pkg/moc_main_window.cxx:9[m[K:
[01m[K/home/swhite/autoCam_ws/build/autoCam_pkg/include/autoCam_pkg/../../../../src/autoCam_pkg/include/autoCam_pkg/qnode.hpp:72:28:[m[K [01;31m[Kerror: [m[K'[01m[Ksensor_msgs[m[K' does not name a type
   void imageCallback(const sensor_msgs::ImageConstPtr &msg);
[01;32m[K                            ^[m[K
[01m[K/home/swhite/autoCam_ws/build/autoCam_pkg/include/autoCam_pkg/../../../../src/autoCam_pkg/include/autoCam_pkg/qnode.hpp:72:55:[m[K [01;31m[Kerror: [m[Kexpected unqualified-id before '[01m[K&[m[K' token
   void imageCallback(const sensor_msgs::ImageConstPtr &msg);
[01;32m[K                                                       ^[m[K
[01m[K/home/swhite/autoCam_ws/build/autoCam_pkg/include/autoCam_pkg/../../../../src/autoCam_pkg/include/autoCam_pkg/qnode.hpp:72:55:[m[K [01;31m[Kerror: [m[Kexpected '[01m[K)[m[K' before '[01m[K&[m[K' token
[01m[K/home/swhite/autoCam_ws/build/autoCam_pkg/include/autoCam_pkg/../../../../src/autoCam_pkg/include/autoCam_pkg/qnode.hpp:72:41:[m[K [01;31m[Kerror: [m[Kexpected '[01m[K;[m[K' at end of member declaration
   void imageCallback(const sensor_msgs::ImageConstPtr &msg);
[01;32m[K                                         ^[m[K
[01m[K/home/swhite/autoCam_ws/build/autoCam_pkg/include/autoCam_pkg/../../../../src/autoCam_pkg/include/autoCam_pkg/qnode.hpp:72:56:[m[K [01;31m[Kerror: [m[KISO C++ forbids declaration of '[01m[Kmsg[m[K' with no type [-fpermissive]
   void imageCallback(const sensor_msgs::ImageConstPtr &msg);
[01;32m[K                                                        ^[m[K
[01m[K/home/swhite/autoCam_ws/build/autoCam_pkg/include/autoCam_pkg/../../../../src/autoCam_pkg/include/autoCam_pkg/qnode.hpp:72:56:[m[K [01;31m[Kerror: [m[Kexpected '[01m[K;[m[K' at end of member declaration
[01m[K/home/swhite/autoCam_ws/build/autoCam_pkg/include/autoCam_pkg/../../../../src/autoCam_pkg/include/autoCam_pkg/qnode.hpp:72:59:[m[K [01;31m[Kerror: [m[Kexpected unqualified-id before '[01m[K)[m[K' token
   void imageCallback(const sensor_msgs::ImageConstPtr &msg);
[01;32m[K                                                           ^[m[K
In file included from [01m[K/home/swhite/autoCam_ws/build/autoCam_pkg/include/autoCam_pkg/moc_qnode.cxx:9:0[m[K:
[01m[K/home/swhite/autoCam_ws/build/autoCam_pkg/include/autoCam_pkg/../../../../src/autoCam_pkg/include/autoCam_pkg/qnode.hpp:72:28:[m[K [01;31m[Kerror: [m[K'[01m[Ksensor_msgs[m[K' does not name a type
   void imageCallback(const sensor_msgs::ImageConstPtr &msg);
[01;32m[K                            ^[m[K
[01m[K/home/swhite/autoCam_ws/build/autoCam_pkg/include/autoCam_pkg/../../../../src/autoCam_pkg/include/autoCam_pkg/qnode.hpp:72:55:[m[K [01;31m[Kerror: [m[Kexpected unqualified-id before '[01m[K&[m[K' token
   void imageCallback(const sensor_msgs::ImageConstPtr &msg);
[01;32m[K                                                       ^[m[K
[01m[K/home/swhite/autoCam_ws/build/autoCam_pkg/include/autoCam_pkg/../../../../src/autoCam_pkg/include/autoCam_pkg/qnode.hpp:72:55:[m[K [01;31m[Kerror: [m[Kexpected '[01m[K)[m[K' before '[01m[K&[m[K' token
[01m[K/home/swhite/autoCam_ws/build/autoCam_pkg/include/autoCam_pkg/../../../../src/autoCam_pkg/include/autoCam_pkg/qnode.hpp:72:41:[m[K [01;31m[Kerror: [m[Kexpected '[01m[K;[m[K' at end of member declaration
   void imageCallback(const sensor_msgs::ImageConstPtr &msg);
[01;32m[K                                         ^[m[K
[01m[K/home/swhite/autoCam_ws/build/autoCam_pkg/include/autoCam_pkg/../../../../src/autoCam_pkg/include/autoCam_pkg/qnode.hpp:72:56:[m[K [01;31m[Kerror: [m[KISO C++ forbids declaration of '[01m[Kmsg[m[K' with no type [-fpermissive]
   void imageCallback(const sensor_msgs::ImageConstPtr &msg);
[01;32m[K                                                        ^[m[K
[01m[K/home/swhite/autoCam_ws/build/autoCam_pkg/include/autoCam_pkg/../../../../src/autoCam_pkg/include/autoCam_pkg/qnode.hpp:72:56:[m[K [01;31m[Kerror: [m[Kexpected '[01m[K;[m[K' at end of member declaration
[01m[K/home/swhite/autoCam_ws/build/autoCam_pkg/include/autoCam_pkg/../../../../src/autoCam_pkg/include/autoCam_pkg/qnode.hpp:72:59:[m[K [01;31m[Kerror: [m[Kexpected unqualified-id before '[01m[K)[m[K' token
   void imageCallback(const sensor_msgs::ImageConstPtr &msg);
[01;32m[K                                                           ^[m[K
CMakeFiles/autoCam_pkg.dir/build.make:215: recipe for target 'CMakeFiles/autoCam_pkg.dir/include/autoCam_pkg/moc_main_window.cxx.o' failed
make[2]: *** [CMakeFiles/autoCam_pkg.dir/include/autoCam_pkg/moc_main_window.cxx.o] Error 1
make[2]: *** Waiting for unfinished jobs....
CMakeFiles/autoCam_pkg.dir/build.make:239: recipe for target 'CMakeFiles/autoCam_pkg.dir/include/autoCam_pkg/moc_qnode.cxx.o' failed
make[2]: *** [CMakeFiles/autoCam_pkg.dir/include/autoCam_pkg/moc_qnode.cxx.o] Error 1
[01m[K/home/swhite/autoCam_ws/src/autoCam_pkg/src/qnode.cpp:[m[K In member function '[01m[Kbool autoCam_pkg::QNode::init(const string&, const string&)[m[K':
[01m[K/home/swhite/autoCam_ws/src/autoCam_pkg/src/qnode.cpp:75:88:[m[K [01;31m[Kerror: [m[Kinvalid use of non-static member function
   image_transport::Subscriber image_sub = it.subscribe("camera/image", 1, imageCallback);
[01;32m[K                                                                                        ^[m[K
CMakeFiles/autoCam_pkg.dir/build.make:119: recipe for target 'CMakeFiles/autoCam_pkg.dir/src/qnode.cpp.o' failed
make[2]: *** [CMakeFiles/autoCam_pkg.dir/src/qnode.cpp.o] Error 1
In file included from [01m[K/home/swhite/autoCam_ws/src/autoCam_pkg/src/../include/autoCam_pkg/main_window.hpp:18:0[m[K,
                 from [01m[K/home/swhite/autoCam_ws/src/autoCam_pkg/src/main_window.cpp:16[m[K:
[01m[K/home/swhite/autoCam_ws/src/autoCam_pkg/src/../include/autoCam_pkg/qnode.hpp:72:28:[m[K [01;31m[Kerror: [m[K'[01m[Ksensor_msgs[m[K' does not name a type
   void imageCallback(const sensor_msgs::ImageConstPtr &msg);
[01;32m[K                            ^[m[K
[01m[K/home/swhite/autoCam_ws/src/autoCam_pkg/src/../include/autoCam_pkg/qnode.hpp:72:55:[m[K [01;31m[Kerror: [m[Kexpected unqualified-id before '[01m[K&[m[K' token
   void imageCallback(const sensor_msgs::ImageConstPtr &msg);
[01;32m[K                                                       ^[m[K
[01m[K/home/swhite/autoCam_ws/src/autoCam_pkg/src/../include/autoCam_pkg/qnode.hpp:72:55:[m[K [01;31m[Kerror: [m[Kexpected '[01m[K)[m[K' before '[01m[K&[m[K' token
[01m[K/home/swhite/autoCam_ws/src/autoCam_pkg/src/../include/autoCam_pkg/qnode.hpp:72:41:[m[K [01;31m[Kerror: [m[Kexpected '[01m[K;[m[K' at end of member declaration
   void imageCallback(const sensor_msgs::ImageConstPtr &msg);
[01;32m[K                                         ^[m[K
[01m[K/home/swhite/autoCam_ws/src/autoCam_pkg/src/../include/autoCam_pkg/qnode.hpp:72:56:[m[K [01;31m[Kerror: [m[KISO C++ forbids declaration of '[01m[Kmsg[m[K' with no type [-fpermissive]
   void imageCallback(const sensor_msgs::ImageConstPtr &msg);
[01;32m[K                                                        ^[m[K
[01m[K/home/swhite/autoCam_ws/src/autoCam_pkg/src/../include/autoCam_pkg/qnode.hpp:72:56:[m[K [01;31m[Kerror: [m[Kexpected '[01m[K;[m[K' at end of member declaration
[01m[K/home/swhite/autoCam_ws/src/autoCam_pkg/src/../include/autoCam_pkg/qnode.hpp:72:59:[m[K [01;31m[Kerror: [m[Kexpected unqualified-id before '[01m[K)[m[K' token
   void imageCallback(const sensor_msgs::ImageConstPtr &msg);
[01;32m[K                                                           ^[m[K
In file included from [01m[K/home/swhite/autoCam_ws/src/autoCam_pkg/src/../include/autoCam_pkg/main_window.hpp:18:0[m[K,
                 from [01m[K/home/swhite/autoCam_ws/src/autoCam_pkg/src/main.cpp:14[m[K:
[01m[K/home/swhite/autoCam_ws/src/autoCam_pkg/src/../include/autoCam_pkg/qnode.hpp:72:28:[m[K [01;31m[Kerror: [m[K'[01m[Ksensor_msgs[m[K' does not name a type
   void imageCallback(const sensor_msgs::ImageConstPtr &msg);
[01;32m[K                            ^[m[K
[01m[K/home/swhite/autoCam_ws/src/autoCam_pkg/src/../include/autoCam_pkg/qnode.hpp:72:55:[m[K [01;31m[Kerror: [m[Kexpected unqualified-id before '[01m[K&[m[K' token
   void imageCallback(const sensor_msgs::ImageConstPtr &msg);
[01;32m[K                                                       ^[m[K
[01m[K/home/swhite/autoCam_ws/src/autoCam_pkg/src/../include/autoCam_pkg/qnode.hpp:72:55:[m[K [01;31m[Kerror: [m[Kexpected '[01m[K)[m[K' before '[01m[K&[m[K' token
[01m[K/home/swhite/autoCam_ws/src/autoCam_pkg/src/../include/autoCam_pkg/qnode.hpp:72:41:[m[K [01;31m[Kerror: [m[Kexpected '[01m[K;[m[K' at end of member declaration
   void imageCallback(const sensor_msgs::ImageConstPtr &msg);
[01;32m[K                                         ^[m[K
[01m[K/home/swhite/autoCam_ws/src/autoCam_pkg/src/../include/autoCam_pkg/qnode.hpp:72:56:[m[K [01;31m[Kerror: [m[KISO C++ forbids declaration of '[01m[Kmsg[m[K' with no type [-fpermissive]
   void imageCallback(const sensor_msgs::ImageConstPtr &msg);
[01;32m[K                                                        ^[m[K
[01m[K/home/swhite/autoCam_ws/src/autoCam_pkg/src/../include/autoCam_pkg/qnode.hpp:72:56:[m[K [01;31m[Kerror: [m[Kexpected '[01m[K;[m[K' at end of member declaration
[01m[K/home/swhite/autoCam_ws/src/autoCam_pkg/src/../include/autoCam_pkg/qnode.hpp:72:59:[m[K [01;31m[Kerror: [m[Kexpected unqualified-id before '[01m[K)[m[K' token
   void imageCallback(const sensor_msgs::ImageConstPtr &msg);
[01;32m[K                                                           ^[m[K
CMakeFiles/autoCam_pkg.dir/build.make:167: recipe for target 'CMakeFiles/autoCam_pkg.dir/src/main_window.cpp.o' failed
make[2]: *** [CMakeFiles/autoCam_pkg.dir/src/main_window.cpp.o] Error 1
CMakeFiles/autoCam_pkg.dir/build.make:95: recipe for target 'CMakeFiles/autoCam_pkg.dir/src/main.cpp.o' failed
make[2]: *** [CMakeFiles/autoCam_pkg.dir/src/main.cpp.o] Error 1
CMakeFiles/Makefile2:259: recipe for target 'CMakeFiles/autoCam_pkg.dir/all' failed
make[1]: *** [CMakeFiles/autoCam_pkg.dir/all] Error 2
Makefile:138: recipe for target 'all' failed
make: *** [all] Error 2
