In file included from [01m[K/home/swhite/autoCam_ws/src/autoCam_pkg/src/main.cpp:14:0[m[K:
[01m[K/home/swhite/autoCam_ws/src/autoCam_pkg/src/../include/autoCam_pkg/main_window.hpp:23:43:[m[K [01;31m[Kfatal error: [m[K../include/autoCam_pkg/common.h: No such file or directory
compilation terminated.
make[2]: *** [CMakeFiles/autoCam_pkg.dir/src/main.cpp.o] Error 1
make[2]: *** Waiting for unfinished jobs....
In file included from [01m[K/home/swhite/autoCam_ws/build/autoCam_pkg/include/autoCam_pkg/moc_main_window.cxx:9:0[m[K:
[01m[K/home/swhite/autoCam_ws/build/autoCam_pkg/include/autoCam_pkg/../../../../src/autoCam_pkg/include/autoCam_pkg/main_window.hpp:23:43:[m[K [01;31m[Kfatal error: [m[K../include/autoCam_pkg/common.h: No such file or directory
compilation terminated.
make[2]: *** [CMakeFiles/autoCam_pkg.dir/include/autoCam_pkg/moc_main_window.cxx.o] Error 1
In file included from [01m[K/home/swhite/autoCam_ws/src/autoCam_pkg/src/main_window.cpp:16:0[m[K:
[01m[K/home/swhite/autoCam_ws/src/autoCam_pkg/src/../include/autoCam_pkg/main_window.hpp:23:43:[m[K [01;31m[Kfatal error: [m[K../include/autoCam_pkg/common.h: No such file or directory
compilation terminated.
make[2]: *** [CMakeFiles/autoCam_pkg.dir/src/main_window.cpp.o] Error 1
make[1]: *** [CMakeFiles/autoCam_pkg.dir/all] Error 2
make: *** [all] Error 2
