[35m[1mScanning dependencies of target autoCam_pkg[0m
[  6%] [32mBuilding CXX object CMakeFiles/autoCam_pkg.dir/src/qnode.cpp.o[0m
[01m[K/home/swhite/autoCam_ws/src/autoCam_pkg/src/qnode.cpp:56:17:[m[K [01;31m[Kerror: [m[Kno '[01m[Kvoid autoCam_pkg::QNode::run()[m[K' member function declared in class '[01m[KautoCam_pkg::QNode[m[K'
 void QNode::run() {
[01;32m[K                 ^[m[K
CMakeFiles/autoCam_pkg.dir/build.make:119: recipe for target 'CMakeFiles/autoCam_pkg.dir/src/qnode.cpp.o' failed
make[2]: *** [CMakeFiles/autoCam_pkg.dir/src/qnode.cpp.o] Error 1
CMakeFiles/Makefile2:67: recipe for target 'CMakeFiles/autoCam_pkg.dir/all' failed
make[1]: *** [CMakeFiles/autoCam_pkg.dir/all] Error 2
Makefile:138: recipe for target 'all' failed
make: *** [all] Error 2
