[01m[K/home/swhite/autoCam_ws/src/autoCam_pkg/src/main_window.cpp:[m[K In member function '[01m[Kvoid autoCam_pkg::MainWindow::on_Manual_SwitchButton_pressed()[m[K':
[01m[K/home/swhite/autoCam_ws/src/autoCam_pkg/src/main_window.cpp:214:50:[m[K [01;31m[Kerror: [m[K'[01m[Kqimg[m[K' was not declared in this scope
           pixmap_2.setPixmap( QPixmap::fromImage(qimg.rgbSwapped()) );
[01;32m[K                                                  ^[m[K
[01m[K/home/swhite/autoCam_ws/src/autoCam_pkg/src/main_window.cpp:[m[K At global scope:
[01m[K/home/swhite/autoCam_ws/src/autoCam_pkg/src/main_window.cpp:222:1:[m[K [01;31m[Kerror: [m[Kexpected '[01m[K}[m[K' at end of input
 }  // namespace autoCam_pkg
[01;32m[K ^[m[K
make[2]: *** [CMakeFiles/autoCam_pkg.dir/src/main_window.cpp.o] Error 1
make[2]: *** Waiting for unfinished jobs....
make[1]: *** [CMakeFiles/autoCam_pkg.dir/all] Error 2
make: *** [all] Error 2
