[  6%] [34m[1mGenerating include/autoCam_pkg/moc_qnode.cxx[0m
[35m[1mScanning dependencies of target autoCam_pkg[0m
[ 12%] [32mBuilding CXX object CMakeFiles/autoCam_pkg.dir/src/main.cpp.o[0m
[ 18%] [32mBuilding CXX object CMakeFiles/autoCam_pkg.dir/src/main_window.cpp.o[0m
[ 25%] [32mBuilding CXX object CMakeFiles/autoCam_pkg.dir/src/qnode.cpp.o[0m
[ 31%] [32mBuilding CXX object CMakeFiles/autoCam_pkg.dir/include/autoCam_pkg/moc_qnode.cxx.o[0m
[ 37%] [32mBuilding CXX object CMakeFiles/autoCam_pkg.dir/include/autoCam_pkg/moc_main_window.cxx.o[0m
[01m[K/home/swhite/autoCam_ws/src/autoCam_pkg/src/qnode.cpp:[m[K In member function '[01m[Kbool autoCam_pkg::QNode::init(const string&, const string&)[m[K':
[01m[K/home/swhite/autoCam_ws/src/autoCam_pkg/src/qnode.cpp:76:88:[m[K [01;31m[Kerror: [m[Kinvalid use of non-static member function
   image_transport::Subscriber image_sub = it.subscribe("camera/image", 1, imageCallback);
[01;32m[K                                                                                        ^[m[K
CMakeFiles/autoCam_pkg.dir/build.make:119: recipe for target 'CMakeFiles/autoCam_pkg.dir/src/qnode.cpp.o' failed
make[2]: *** [CMakeFiles/autoCam_pkg.dir/src/qnode.cpp.o] Error 1
make[2]: *** Waiting for unfinished jobs....
CMakeFiles/Makefile2:259: recipe for target 'CMakeFiles/autoCam_pkg.dir/all' failed
make[1]: *** [CMakeFiles/autoCam_pkg.dir/all] Error 2
make: *** [all] Error 2
Makefile:138: recipe for target 'all' failed
